<?xml version="1.0" encoding="UTF-8"?>
<!-- Generated by org.testng.reporters.JUnitReportReporter -->
<testsuite hostname="DESKTOP-I85STP7" failures="0" tests="1" name="test_cases.Example1Test" time="1.636" errors="0" timestamp="2023-04-21T12:34:47 ICT" skipped="0">
  <testcase classname="test_cases.Example1Test" name="test_case_1" time="1.636"/>
  <system-out/>
</testsuite> <!-- test_cases.Example1Test -->
